1581657499118	addons.webextension.doh-rollout@mozilla.org	WARN	Loading extension 'doh-rollout@mozilla.org': Reading manifest: Invalid extension permission: networkStatus
1581657499303	addons.webextension.screenshots@mozilla.org	WARN	Loading extension 'screenshots@mozilla.org': Reading manifest: Invalid extension permission: mozillaAddons
1581657499303	addons.webextension.screenshots@mozilla.org	WARN	Loading extension 'screenshots@mozilla.org': Reading manifest: Invalid extension permission: telemetry
1581657499303	addons.webextension.screenshots@mozilla.org	WARN	Loading extension 'screenshots@mozilla.org': Reading manifest: Invalid extension permission: resource://pdf.js/
1581657499303	addons.webextension.screenshots@mozilla.org	WARN	Loading extension 'screenshots@mozilla.org': Reading manifest: Invalid extension permission: about:reader*
1581657500642	Marionette	INFO	Listening on port 43091
1581657500652	Marionette	WARN	TLS certificate errors will be ignored for this session
JavaScript error: https://assets.adobedtm.com/6372cf21ef88ee60bc2977a4898dcb5c7945a212/s-code-contents-f279dfd2f9439bc4cb8f9475800d3257406b2343.js line 376 > Function, line 3: TypeError: s._tpDST[d.getFullYear(...)] is undefined
JavaScript error: , line 0: uncaught exception: undefined
JavaScript error: https://p.ad.gt/api/v1/p/57, line 1: SyntaxError: invalid regexp group
1581657518888	Marionette	INFO	Stopped listening on port 43091
1581657544057	addons.webextension.doh-rollout@mozilla.org	WARN	Loading extension 'doh-rollout@mozilla.org': Reading manifest: Invalid extension permission: networkStatus
1581657544235	addons.webextension.screenshots@mozilla.org	WARN	Loading extension 'screenshots@mozilla.org': Reading manifest: Invalid extension permission: mozillaAddons
1581657544235	addons.webextension.screenshots@mozilla.org	WARN	Loading extension 'screenshots@mozilla.org': Reading manifest: Invalid extension permission: telemetry
1581657544235	addons.webextension.screenshots@mozilla.org	WARN	Loading extension 'screenshots@mozilla.org': Reading manifest: Invalid extension permission: resource://pdf.js/
1581657544235	addons.webextension.screenshots@mozilla.org	WARN	Loading extension 'screenshots@mozilla.org': Reading manifest: Invalid extension permission: about:reader*
1581657545416	Marionette	INFO	Listening on port 46543
1581657545498	Marionette	WARN	TLS certificate errors will be ignored for this session
JavaScript error: https://assets.adobedtm.com/6372cf21ef88ee60bc2977a4898dcb5c7945a212/s-code-contents-f279dfd2f9439bc4cb8f9475800d3257406b2343.js line 376 > Function, line 3: TypeError: s._tpDST[d.getFullYear(...)] is undefined
JavaScript error: , line 0: uncaught exception: undefined
JavaScript error: https://p.ad.gt/api/v1/p/57, line 1: SyntaxError: invalid regexp group
1581657647260	Marionette	INFO	Stopped listening on port 46543
1581657648598	addons.webextension.doh-rollout@mozilla.org	WARN	Loading extension 'doh-rollout@mozilla.org': Reading manifest: Invalid extension permission: networkStatus
1581657648779	addons.webextension.screenshots@mozilla.org	WARN	Loading extension 'screenshots@mozilla.org': Reading manifest: Invalid extension permission: mozillaAddons
1581657648780	addons.webextension.screenshots@mozilla.org	WARN	Loading extension 'screenshots@mozilla.org': Reading manifest: Invalid extension permission: telemetry
1581657648780	addons.webextension.screenshots@mozilla.org	WARN	Loading extension 'screenshots@mozilla.org': Reading manifest: Invalid extension permission: resource://pdf.js/
1581657648780	addons.webextension.screenshots@mozilla.org	WARN	Loading extension 'screenshots@mozilla.org': Reading manifest: Invalid extension permission: about:reader*
1581657650047	Marionette	INFO	Listening on port 38559
1581657650141	Marionette	WARN	TLS certificate errors will be ignored for this session
JavaScript error: https://assets.adobedtm.com/6372cf21ef88ee60bc2977a4898dcb5c7945a212/s-code-contents-f279dfd2f9439bc4cb8f9475800d3257406b2343.js line 376 > Function, line 3: TypeError: s._tpDST[d.getFullYear(...)] is undefined
JavaScript error: , line 0: uncaught exception: undefined
JavaScript error: https://p.ad.gt/api/v1/p/57, line 1: SyntaxError: invalid regexp group
1581657785055	Marionette	INFO	Stopped listening on port 38559
1581657790219	addons.webextension.doh-rollout@mozilla.org	WARN	Loading extension 'doh-rollout@mozilla.org': Reading manifest: Invalid extension permission: networkStatus
1581657790397	addons.webextension.screenshots@mozilla.org	WARN	Loading extension 'screenshots@mozilla.org': Reading manifest: Invalid extension permission: mozillaAddons
1581657790397	addons.webextension.screenshots@mozilla.org	WARN	Loading extension 'screenshots@mozilla.org': Reading manifest: Invalid extension permission: telemetry
1581657790397	addons.webextension.screenshots@mozilla.org	WARN	Loading extension 'screenshots@mozilla.org': Reading manifest: Invalid extension permission: resource://pdf.js/
1581657790397	addons.webextension.screenshots@mozilla.org	WARN	Loading extension 'screenshots@mozilla.org': Reading manifest: Invalid extension permission: about:reader*
1581657791635	Marionette	INFO	Listening on port 37321
1581657791668	Marionette	WARN	TLS certificate errors will be ignored for this session
JavaScript error: https://assets.adobedtm.com/6372cf21ef88ee60bc2977a4898dcb5c7945a212/s-code-contents-f279dfd2f9439bc4cb8f9475800d3257406b2343.js line 376 > Function, line 3: TypeError: s._tpDST[d.getFullYear(...)] is undefined
JavaScript error: https://p.ad.gt/api/v1/p/57, line 1: SyntaxError: invalid regexp group
JavaScript error: , line 0: uncaught exception: undefined
JavaScript error: https://assets.adobedtm.com/6372cf21ef88ee60bc2977a4898dcb5c7945a212/s-code-contents-f279dfd2f9439bc4cb8f9475800d3257406b2343.js line 376 > Function, line 3: TypeError: s._tpDST[d.getFullYear(...)] is undefined
JavaScript error: https://p.ad.gt/api/v1/p/57, line 1: SyntaxError: invalid regexp group
JavaScript error: , line 0: uncaught exception: undefined
JavaScript error: , line 0: uncaught exception: [object Object]
JavaScript error: https://assets.adobedtm.com/6372cf21ef88ee60bc2977a4898dcb5c7945a212/s-code-contents-f279dfd2f9439bc4cb8f9475800d3257406b2343.js line 376 > Function, line 3: TypeError: s._tpDST[d.getFullYear(...)] is undefined
JavaScript error: https://p.ad.gt/api/v1/p/57, line 1: SyntaxError: invalid regexp group
JavaScript error: , line 0: uncaught exception: undefined
JavaScript error: , line 0: uncaught exception: [object Object]
JavaScript error: https://assets.adobedtm.com/6372cf21ef88ee60bc2977a4898dcb5c7945a212/s-code-contents-f279dfd2f9439bc4cb8f9475800d3257406b2343.js line 376 > Function, line 3: TypeError: s._tpDST[d.getFullYear(...)] is undefined
JavaScript error: https://p.ad.gt/api/v1/p/57, line 1: SyntaxError: invalid regexp group
JavaScript error: , line 0: uncaught exception: undefined
JavaScript error: https://assets.adobedtm.com/6372cf21ef88ee60bc2977a4898dcb5c7945a212/s-code-contents-f279dfd2f9439bc4cb8f9475800d3257406b2343.js line 376 > Function, line 3: TypeError: s._tpDST[d.getFullYear(...)] is undefined
JavaScript error: https://p.ad.gt/api/v1/p/57, line 1: SyntaxError: invalid regexp group
JavaScript error: https://assets.adobedtm.com/6372cf21ef88ee60bc2977a4898dcb5c7945a212/s-code-contents-f279dfd2f9439bc4cb8f9475800d3257406b2343.js line 376 > Function, line 3: TypeError: s._tpDST[d.getFullYear(...)] is undefined
JavaScript error: https://p.ad.gt/api/v1/p/57, line 1: SyntaxError: invalid regexp group
JavaScript error: , line 0: uncaught exception: undefined
JavaScript error: https://assets.adobedtm.com/6372cf21ef88ee60bc2977a4898dcb5c7945a212/s-code-contents-f279dfd2f9439bc4cb8f9475800d3257406b2343.js line 376 > Function, line 3: TypeError: s._tpDST[d.getFullYear(...)] is undefined
JavaScript error: https://p.ad.gt/api/v1/p/57, line 1: SyntaxError: invalid regexp group
JavaScript error: , line 0: uncaught exception: [object Object]
JavaScript error: https://assets.adobedtm.com/6372cf21ef88ee60bc2977a4898dcb5c7945a212/s-code-contents-f279dfd2f9439bc4cb8f9475800d3257406b2343.js line 376 > Function, line 3: TypeError: s._tpDST[d.getFullYear(...)] is undefined
JavaScript error: https://p.ad.gt/api/v1/p/57, line 1: SyntaxError: invalid regexp group
1581658357939	Marionette	INFO	Stopped listening on port 37321
